<?xml version="1.0" encoding="UTF-8"?>
<testsuite xmlns:xsi="http://www.w3.org/2001/XMLSchema-instance" xsi:noNamespaceSchemaLocation="https://maven.apache.org/surefire/maven-surefire-plugin/xsd/surefire-test-report-3.0.xsd" version="3.0" name="ch.hftm.blog.control.BlogServiceTest" time="24.206" tests="4" errors="0" skipped="0" failures="1">
  <properties>
[...]
</properties>
  <testcase name="updatingBlog" classname="ch.hftm.blog.control.BlogServiceTest" time="0.425">
    <system-out><![CDATA[2024-06-12 09:05:15,666 INFO  [org.tes.doc.DockerClientProviderStrategy] (build-8) Loaded org.testcontainers.dockerclient.NpipeSocketClientProviderStrategy from ~/.testcontainers.properties, will try it first
2024-06-12 09:05:16,161 INFO  [org.tes.doc.DockerClientProviderStrategy] (build-8) Found Docker environment with local Npipe socket (npipe:////./pipe/docker_engine)
2024-06-12 09:05:16,164 INFO  [org.tes.DockerClientFactory] (build-8) Docker host IP address is localhost
2024-06-12 09:05:16,186 INFO  [org.tes.DockerClientFactory] (build-8) Connected to docker: 
  Server Version: 26.1.1
  API Version: 1.45
  Operating System: Docker Desktop
  Total Memory: 7862 MB
2024-06-12 09:05:16,199 INFO  [org.tes.ima.PullPolicy] (build-8) Image pull policy will be performed by: DefaultPullPolicy()
2024-06-12 09:05:16,201 INFO  [org.tes.uti.ImageNameSubstitutor] (build-8) Image name substitution will be performed by: DefaultImageNameSubstitutor (composite of 'ConfigurationFileImageNameSubstitutor' and 'PrefixingImageNameSubstitutor')
2024-06-12 09:05:16,209 INFO  [org.tes.DockerClientFactory] (build-8) Checking the system...
2024-06-12 09:05:16,210 INFO  [org.tes.DockerClientFactory] (build-8) ?? Docker server version should be at least 1.6.0
2024-06-12 09:05:16,288 INFO  [tc.doc.io/.0] (build-8) Creating container for image: docker.io/mysql:8.0
2024-06-12 09:05:16,514 INFO  [org.tes.uti.RegistryAuthLocator] (build-8) Credential helper/store (docker-credential-desktop) does not have credentials for docker.io
2024-06-12 09:05:16,524 WARN  [tc.doc.io/.0] (build-8) Reuse was requested but the environment does not support the reuse of containers
To enable reuse of containers, you must set 'testcontainers.reuse.enable=true' in a file located at C:\Users\andre\.testcontainers.properties
2024-06-12 09:05:16,525 INFO  [tc.tes.6.0] (build-8) Creating container for image: testcontainers/ryuk:0.6.0
2024-06-12 09:05:16,760 INFO  [tc.tes.6.0] (build-8) Container testcontainers/ryuk:0.6.0 is starting: c27b700b34961b43cdc34287a39de5ee655af8ef07f23739d04e550110a715ce
2024-06-12 09:05:17,232 INFO  [tc.tes.6.0] (build-8) Container testcontainers/ryuk:0.6.0 started in PT0.7069128S
2024-06-12 09:05:17,358 INFO  [tc.doc.io/.0] (build-8) Container docker.io/mysql:8.0 is starting: 3a811013188270ef12295f3bfbe929e34c8181e018eeb4bddce073ddd25cb27e
2024-06-12 09:05:17,712 INFO  [tc.doc.io/.0] (build-8) Waiting for database connection to become available at jdbc:mysql://localhost:50776/quarkus using query 'SELECT 1'
2024-06-12 09:05:34,097 INFO  [tc.doc.io/.0] (build-8) Container docker.io/mysql:8.0 started in PT17.8077669S
2024-06-12 09:05:34,097 INFO  [tc.doc.io/.0] (build-8) Container is started (JDBC URL: jdbc:mysql://localhost:50776/quarkus)
2024-06-12 09:05:34,097 INFO  [io.qua.dev.mys.dep.MySQLDevServicesProcessor] (build-8) Dev Services for MySQL started.
2024-06-12 09:05:34,098 INFO  [io.qua.dat.dep.dev.DevServicesDatasourceProcessor] (build-8) Dev Services for default datasource (mysql) started - container ID is 3a8110131882
2024-06-12 09:05:34,101 INFO  [io.qua.hib.orm.dep.dev.HibernateOrmDevServicesProcessor] (build-13) Setting quarkus.hibernate-orm.database.generation=drop-and-create to initialize Dev Services managed database
2024-06-12 09:05:36,024 INFO  [ch.hft.blo.con.BlogService] (main) New blog with id 1 successfully added.
2024-06-12 09:05:36,061 INFO  [ch.hft.blo.con.BlogService] (main) New blog with id 2 successfully added.
2024-06-12 09:05:36,077 INFO  [ch.hft.blo.con.BlogService] (main) New blog with id 3 successfully added.
2024-06-12 09:05:36,096 INFO  [ch.hft.blo.con.BlogService] (main) New blog with id 4 successfully added.
2024-06-12 09:05:36,113 INFO  [ch.hft.blo.con.BlogService] (main) New blog with id 5 successfully added.
2024-06-12 09:05:36,277 INFO  [io.quarkus] (main) blog-rest-service 1.0.0-SNAPSHOT on JVM (powered by Quarkus 3.9.4) started in 22.391s. Listening on: http://localhost:8081
2024-06-12 09:05:36,279 INFO  [io.quarkus] (main) Profile test activated. 
2024-06-12 09:05:36,279 INFO  [io.quarkus] (main) Installed features: [agroal, cdi, hibernate-orm, hibernate-orm-panache, jdbc-mysql, narayana-jta, rest, rest-client, rest-client-jsonb, rest-jackson, smallrye-context-propagation, smallrye-openapi, swagger-ui, vertx]
2024-06-12 09:05:36,623 INFO  [ch.hft.blo.con.BlogService] (main) New blog with id 6 successfully added.
2024-06-12 09:05:36,690 INFO  [ch.hft.blo.con.BlogService] (main) Blog with id 6 successfully updated.
]]></system-out>
  </testcase>
  <testcase name="deletingBlog" classname="ch.hftm.blog.control.BlogServiceTest" time="0.284">
    <failure message="expected: &lt;5&gt; but was: &lt;6&gt;" type="org.opentest4j.AssertionFailedError"><![CDATA[org.opentest4j.AssertionFailedError: expected: <5> but was: <6>
	at org.junit.jupiter.api.AssertionFailureBuilder.build(AssertionFailureBuilder.java:151)
	at org.junit.jupiter.api.AssertionFailureBuilder.buildAndThrow(AssertionFailureBuilder.java:132)
	at org.junit.jupiter.api.AssertEquals.failNotEqual(AssertEquals.java:197)
	at org.junit.jupiter.api.AssertEquals.assertEquals(AssertEquals.java:150)
	at org.junit.jupiter.api.AssertEquals.assertEquals(AssertEquals.java:145)
	at org.junit.jupiter.api.Assertions.assertEquals(Assertions.java:531)
	at ch.hftm.blog.control.BlogServiceTest.deletingBlog(BlogServiceTest.java:50)
	at java.base/java.lang.reflect.Method.invoke(Method.java:580)
	at io.quarkus.test.junit.QuarkusTestExtension.runExtensionMethod(QuarkusTestExtension.java:1018)
	at io.quarkus.test.junit.QuarkusTestExtension.interceptTestMethod(QuarkusTestExtension.java:832)
	at java.base/java.util.ArrayList.forEach(ArrayList.java:1596)
	at java.base/java.util.ArrayList.forEach(ArrayList.java:1596)
]]></failure>
    <system-out><![CDATA[2024-06-12 09:05:36,967 INFO  [ch.hft.blo.con.BlogService] (main) Returning 6 blogs.
2024-06-12 09:05:36,968 INFO  [ch.hft.blo.con.BlogService] (main) New blog with id 7 successfully added.
2024-06-12 09:05:36,987 INFO  [ch.hft.blo.con.BlogService] (main) Blog (id 7) successfully deleted
2024-06-12 09:05:37,006 INFO  [ch.hft.blo.con.BlogService] (main) Returning 6 blogs.
]]></system-out>
  </testcase>
  <testcase name="listingAndAddingBlog" classname="ch.hftm.blog.control.BlogServiceTest" time="0.025">
    <system-out><![CDATA[2024-06-12 09:05:37,018 INFO  [ch.hft.blo.con.BlogService] (main) Returning 6 blogs.
2024-06-12 09:05:37,019 INFO  [ch.hft.blo.con.BlogService] (main) New blog with id 8 successfully added.
2024-06-12 09:05:37,037 INFO  [ch.hft.blo.con.BlogService] (main) Returning 7 blogs.
]]></system-out>
  </testcase>
  <testcase name="replacingBlog" classname="ch.hftm.blog.control.BlogServiceTest" time="0.057">
    <system-out><![CDATA[2024-06-12 09:05:37,042 INFO  [ch.hft.blo.con.BlogService] (main) New blog with id 9 successfully added.
2024-06-12 09:05:37,079 INFO  [ch.hft.blo.con.BlogService] (main) Replaced blog with id 9
]]></system-out>
  </testcase>
</testsuite>